0 verbose cli [ '/usr/local/bin/node', '/usr/local/bin/npm', 'start' ]
1 info using npm@8.3.1
2 info using node@v16.14.0
3 timing npm:load:whichnode Completed in 0ms
4 timing config:load:defaults Completed in 1ms
5 timing config:load:file:/usr/local/lib/node_modules/npm/npmrc Completed in 0ms
6 timing config:load:builtin Completed in 0ms
7 timing config:load:cli Completed in 1ms
8 timing config:load:env Completed in 0ms
9 timing config:load:project Completed in 2ms
10 timing config:load:file:/Users/jinghuali/.npmrc Completed in 0ms
11 timing config:load:user Completed in 0ms
12 timing config:load:file:/usr/local/etc/npmrc Completed in 0ms
13 timing config:load:global Completed in 0ms
14 timing config:load:validate Completed in 0ms
15 timing config:load:credentials Completed in 1ms
16 timing config:load:setEnvs Completed in 0ms
17 timing config:load Completed in 5ms
18 timing npm:load:configload Completed in 5ms
19 timing npm:load:setTitle Completed in 5ms
20 timing config:load:flatten Completed in 1ms
21 timing npm:load:display Completed in 2ms
22 verbose logfile /Users/jinghuali/.npm/_logs/2022-03-25T04_11_36_655Z-debug-0.log
23 timing npm:load:logFile Completed in 2ms
24 timing npm:load:timers Completed in 0ms
25 timing npm:load:configScope Completed in 0ms
26 timing npm:load Completed in 14ms
27 silly logfile start cleaning logs, removing 1 files
28 timing command:run-script Completed in 3ms
29 timing command:start Completed in 5ms
30 verbose stack Error: Missing script: "start"
30 verbose stack
30 verbose stack Did you mean one of these?
30 verbose stack     npm star # Mark your favorite packages
30 verbose stack     npm stars # View packages marked as favorites
30 verbose stack
30 verbose stack To see a list of scripts, run:
30 verbose stack   npm run
30 verbose stack     at RunScript.run (/usr/local/lib/node_modules/npm/lib/commands/run-script.js:95:13)
30 verbose stack     at async module.exports (/usr/local/lib/node_modules/npm/lib/cli.js:66:5)
31 verbose cwd /Users/jinghuali/Downloads/Proj 7/client
32 verbose Darwin 21.1.0
33 verbose argv "/usr/local/bin/node" "/usr/local/bin/npm" "start"
34 verbose node v16.14.0
35 verbose npm  v8.3.1
36 error Missing script: "start"
36 error
36 error Did you mean one of these?
36 error     npm star # Mark your favorite packages
36 error     npm stars # View packages marked as favorites
36 error
36 error To see a list of scripts, run:
36 error   npm run
37 verbose exit 1
38 timing npm Completed in 69ms
39 verbose code 1
40 error A complete log of this run can be found in:
40 error     /Users/jinghuali/.npm/_logs/2022-03-25T04_11_36_655Z-debug-0.log
