0 verbose cli [
0 verbose cli   '/usr/local/bin/node',
0 verbose cli   '/usr/local/lib/node_modules/npm/bin/npm-cli.js',
0 verbose cli   'exec',
0 verbose cli   '--',
0 verbose cli   'start'
0 verbose cli ]
1 info using npm@8.3.1
2 info using node@v16.14.0
3 timing npm:load:whichnode Completed in 0ms
4 timing config:load:defaults Completed in 1ms
5 timing config:load:file:/usr/local/lib/node_modules/npm/npmrc Completed in 0ms
6 timing config:load:builtin Completed in 1ms
7 timing config:load:cli Completed in 0ms
8 timing config:load:env Completed in 1ms
9 timing config:load:project Completed in 0ms
10 timing config:load:file:/Users/jinghuali/.npmrc Completed in 1ms
11 timing config:load:user Completed in 1ms
12 timing config:load:file:/usr/local/etc/npmrc Completed in 0ms
13 timing config:load:global Completed in 0ms
14 timing config:load:validate Completed in 0ms
15 timing config:load:credentials Completed in 0ms
16 timing config:load:setEnvs Completed in 1ms
17 timing config:load Completed in 6ms
18 timing npm:load:configload Completed in 6ms
19 timing npm:load:setTitle Completed in 4ms
20 timing config:load:flatten Completed in 1ms
21 timing npm:load:display Completed in 2ms
22 verbose logfile /Users/jinghuali/.npm/_logs/2022-03-25T04_11_07_692Z-debug-0.log
23 timing npm:load:logFile Completed in 2ms
24 timing npm:load:timers Completed in 0ms
25 timing npm:load:configScope Completed in 0ms
26 timing npm:load Completed in 14ms
27 silly logfile start cleaning logs, removing 1 files
28 http fetch GET 200 https://registry.npmjs.org/start 361ms (cache miss)
29 timing command:exec Completed in 368ms
30 verbose stack Error: could not determine executable to run
30 verbose stack     at getBinFromManifest (/usr/local/lib/node_modules/npm/node_modules/libnpmexec/lib/get-bin-from-manifest.js:17:23)
30 verbose stack     at exec (/usr/local/lib/node_modules/npm/node_modules/libnpmexec/lib/index.js:115:15)
30 verbose stack     at async module.exports (/usr/local/lib/node_modules/npm/lib/cli.js:66:5)
31 verbose pkgid start@5.1.0
32 verbose cwd /Users/jinghuali/Downloads/Proj 7/client
33 verbose Darwin 21.1.0
34 verbose argv "/usr/local/bin/node" "/usr/local/lib/node_modules/npm/bin/npm-cli.js" "exec" "--" "start"
35 verbose node v16.14.0
36 verbose npm  v8.3.1
37 error could not determine executable to run
38 verbose exit 1
39 timing npm Completed in 457ms
40 verbose code 1
41 error A complete log of this run can be found in:
41 error     /Users/jinghuali/.npm/_logs/2022-03-25T04_11_07_692Z-debug-0.log
